<?xml version="1.0" encoding="UTF-8"?>
<!-- Generated by org.testng.reporters.JUnitReportReporter -->
<testsuite skipped="0" hostname="LAPTOP-U7FIIQOJ" name="com.qa.collateral.tests.LoginPageTest" tests="2" failures="0" timestamp="20 Jul 2019 14:57:16 GMT" time="76.844" errors="0">
  <testcase name="loginPageTitleTest" time="31.684" classname="com.qa.collateral.tests.LoginPageTest"/>
  <testcase name="signTest" time="45.160" classname="com.qa.collateral.tests.LoginPageTest"/>
</testsuite> <!-- com.qa.collateral.tests.LoginPageTest -->
