<?xml version="1.0" encoding="UTF-8"?>
<!-- Generated by org.testng.reporters.JUnitReportReporter -->
<testsuite skipped="0" hostname="DESKTOP-DJ7VF4K" name="collateral.tests.SrfTest" tests="1" failures="0" timestamp="17 Jul 2019 09:27:31 GMT" time="131.479" errors="0">
  <testcase name="resCreateSRF" time="131.479" classname="collateral.tests.SrfTest"/>
</testsuite> <!-- collateral.tests.SrfTest -->
