<?xml version="1.0" encoding="UTF-8"?>
<!-- Generated by org.testng.reporters.JUnitReportReporter -->
<testsuite hostname="DESKTOP-DJ7VF4K" failures="0" tests="1" name="collateral.tests.ReportStatusTest" time="275.264" errors="0" timestamp="19 Jul 2019 11:01:56 GMT" skipped="0">
  <testcase classname="collateral.tests.ReportStatusTest" name="validateServiceStatus" time="275.264"/>
</testsuite> <!-- collateral.tests.ReportStatusTest -->
