<?xml version="1.0" encoding="UTF-8"?>
<!-- Generated by org.testng.reporters.JUnitReportReporter -->
<testsuite skipped="0" hostname="DESKTOP-DJ7VF4K" name="collateral.tests.SrfTest" tests="2" failures="0" timestamp="04 Jul 2019 12:42:03 GMT" time="177.510" errors="0">
  <testcase name="closeButtonTest" time="47.883" classname="collateral.tests.SrfTest"/>
  <testcase name="resCreateSRF" time="129.627" classname="collateral.tests.SrfTest"/>
</testsuite> <!-- collateral.tests.SrfTest -->
