<?xml version="1.0" encoding="UTF-8"?>
<!-- Generated by org.testng.reporters.JUnitReportReporter -->
<testsuite hostname="DESKTOP-DJ7VF4K" failures="0" tests="1" name="collateral.tests.RFPTest" time="252.698" errors="0" timestamp="19 Jul 2019 09:51:10 GMT" skipped="0">
  <testcase classname="collateral.tests.RFPTest" name="createRfpTest" time="252.698"/>
</testsuite> <!-- collateral.tests.RFPTest -->
