<?xml version="1.0" encoding="UTF-8"?>
<!-- Generated by org.testng.reporters.JUnitReportReporter -->
<testsuite hostname="DESKTOP-DJ7VF4K" failures="0" tests="1" name="collateral.tests.DashboardPageTest" time="73.640" errors="0" timestamp="19 Jul 2019 10:05:31 GMT" skipped="0">
  <testcase classname="collateral.tests.DashboardPageTest" name="openLoanTest" time="73.640"/>
</testsuite> <!-- collateral.tests.DashboardPageTest -->
