<?xml version="1.0" encoding="UTF-8"?>
<!-- Generated by org.testng.reporters.JUnitReportReporter -->
<testsuite skipped="0" hostname="DESKTOP-DJ7VF4K" name="collateral.tests.LoginPageTest" tests="2" failures="0" timestamp="04 Jul 2019 12:01:17 GMT" time="59.306" errors="0">
  <testcase name="loginPageTitleTest" time="27.508" classname="collateral.tests.LoginPageTest"/>
  <testcase name="signTest" time="31.798" classname="collateral.tests.LoginPageTest"/>
</testsuite> <!-- collateral.tests.LoginPageTest -->
